103.05.15 15:42 A C:\flexlm84\v84a\certicom\include\curves.h --> wheel.globes.com /t/willieh/v8.4/84a/include curves.h
103.05.15 15:42 A C:\flexlm84\v84a\certicom\include\lcurves.h --> wheel.globes.com /t/willieh/v8.4/84a/include lcurves.h
103.05.15 15:42 A C:\flexlm84\v84a\certicom\include\sbarc4.h --> wheel.globes.com /t/willieh/v8.4/84a/include sbarc4.h
103.05.15 15:42 A C:\flexlm84\v84a\certicom\include\sbca.h --> wheel.globes.com /t/willieh/v8.4/84a/include sbca.h
103.05.15 15:42 A C:\flexlm84\v84a\certicom\include\sbdes.h --> wheel.globes.com /t/willieh/v8.4/84a/include sbdes.h
103.05.15 15:42 A C:\flexlm84\v84a\certicom\include\sbdsa.h --> wheel.globes.com /t/willieh/v8.4/84a/include sbdsa.h
103.05.15 15:42 A C:\flexlm84\v84a\certicom\include\sbdul.h --> wheel.globes.com /t/willieh/v8.4/84a/include sbdul.h
103.05.15 15:42 A C:\flexlm84\v84a\certicom\include\sbecaes.h --> wheel.globes.com /t/willieh/v8.4/84a/include sbecaes.h
103.05.15 15:42 A C:\flexlm84\v84a\certicom\include\sbeces.h --> wheel.globes.com /t/willieh/v8.4/84a/include sbeces.h
103.05.15 15:42 A C:\flexlm84\v84a\certicom\include\sbenc.h --> wheel.globes.com /t/willieh/v8.4/84a/include sbenc.h
103.05.15 15:42 A C:\flexlm84\v84a\certicom\include\sbexc.h --> wheel.globes.com /t/willieh/v8.4/84a/include sbexc.h
103.05.15 15:42 A C:\flexlm84\v84a\certicom\include\sbglb.h --> wheel.globes.com /t/willieh/v8.4/84a/include sbglb.h
103.05.15 15:42 A C:\flexlm84\v84a\certicom\include\sbhash.h --> wheel.globes.com /t/willieh/v8.4/84a/include sbhash.h
103.05.15 15:42 A C:\flexlm84\v84a\certicom\include\sbini.h --> wheel.globes.com /t/willieh/v8.4/84a/include sbini.h
103.05.15 15:42 A C:\flexlm84\v84a\certicom\include\sbiniold.h --> wheel.globes.com /t/willieh/v8.4/84a/include sbiniold.h
103.05.15 15:42 A C:\flexlm84\v84a\certicom\include\sbkey.h --> wheel.globes.com /t/willieh/v8.4/84a/include sbkey.h
103.05.15 15:42 A C:\flexlm84\v84a\certicom\include\sbmd2.h --> wheel.globes.com /t/willieh/v8.4/84a/include sbmd2.h
103.05.15 15:42 A C:\flexlm84\v84a\certicom\include\sbmd5.h --> wheel.globes.com /t/willieh/v8.4/84a/include sbmd5.h
103.05.15 15:42 A C:\flexlm84\v84a\certicom\include\sbnr.h --> wheel.globes.com /t/willieh/v8.4/84a/include sbnr.h
103.05.15 15:42 A C:\flexlm84\v84a\certicom\include\sbrc.h --> wheel.globes.com /t/willieh/v8.4/84a/include sbrc.h
103.05.15 15:42 A C:\flexlm84\v84a\certicom\include\sbrng.h --> wheel.globes.com /t/willieh/v8.4/84a/include sbrng.h
103.05.15 15:42 A C:\flexlm84\v84a\certicom\include\sbsha.h --> wheel.globes.com /t/willieh/v8.4/84a/include sbsha.h
103.05.15 15:42 A C:\flexlm84\v84a\certicom\include\sbshad.h --> wheel.globes.com /t/willieh/v8.4/84a/include sbshad.h
103.05.15 15:42 A C:\flexlm84\v84a\certicom\include\sbwrap.h --> wheel.globes.com /t/willieh/v8.4/84a/include sbwrap.h
103.05.15 15:45 A C:\flexlm84\v84a\certicom\include\curves.h --> wheel.globes.com /t/willieh/v8.4/certicom/include curves.h
103.05.15 15:45 A C:\flexlm84\v84a\certicom\include\lcurves.h --> wheel.globes.com /t/willieh/v8.4/certicom/include lcurves.h
103.05.15 15:45 A C:\flexlm84\v84a\certicom\include\sbarc4.h --> wheel.globes.com /t/willieh/v8.4/certicom/include sbarc4.h
103.05.15 15:45 A C:\flexlm84\v84a\certicom\include\sbca.h --> wheel.globes.com /t/willieh/v8.4/certicom/include sbca.h
103.05.15 15:45 A C:\flexlm84\v84a\certicom\include\sbdes.h --> wheel.globes.com /t/willieh/v8.4/certicom/include sbdes.h
103.05.15 15:45 A C:\flexlm84\v84a\certicom\include\sbdsa.h --> wheel.globes.com /t/willieh/v8.4/certicom/include sbdsa.h
103.05.15 15:45 A C:\flexlm84\v84a\certicom\include\sbdul.h --> wheel.globes.com /t/willieh/v8.4/certicom/include sbdul.h
103.05.15 15:45 A C:\flexlm84\v84a\certicom\include\sbecaes.h --> wheel.globes.com /t/willieh/v8.4/certicom/include sbecaes.h
103.05.15 15:45 A C:\flexlm84\v84a\certicom\include\sbeces.h --> wheel.globes.com /t/willieh/v8.4/certicom/include sbeces.h
103.05.15 15:45 A C:\flexlm84\v84a\certicom\include\sbenc.h --> wheel.globes.com /t/willieh/v8.4/certicom/include sbenc.h
103.05.15 15:45 A C:\flexlm84\v84a\certicom\include\sbexc.h --> wheel.globes.com /t/willieh/v8.4/certicom/include sbexc.h
103.05.15 15:45 A C:\flexlm84\v84a\certicom\include\sbglb.h --> wheel.globes.com /t/willieh/v8.4/certicom/include sbglb.h
103.05.15 15:45 A C:\flexlm84\v84a\certicom\include\sbhash.h --> wheel.globes.com /t/willieh/v8.4/certicom/include sbhash.h
103.05.15 15:45 A C:\flexlm84\v84a\certicom\include\sbini.h --> wheel.globes.com /t/willieh/v8.4/certicom/include sbini.h
103.05.15 15:45 A C:\flexlm84\v84a\certicom\include\sbiniold.h --> wheel.globes.com /t/willieh/v8.4/certicom/include sbiniold.h
103.05.15 15:45 A C:\flexlm84\v84a\certicom\include\sbkey.h --> wheel.globes.com /t/willieh/v8.4/certicom/include sbkey.h
103.05.15 15:45 A C:\flexlm84\v84a\certicom\include\sbmd2.h --> wheel.globes.com /t/willieh/v8.4/certicom/include sbmd2.h
103.05.15 15:45 A C:\flexlm84\v84a\certicom\include\sbmd5.h --> wheel.globes.com /t/willieh/v8.4/certicom/include sbmd5.h
103.05.15 15:45 A C:\flexlm84\v84a\certicom\include\sbnr.h --> wheel.globes.com /t/willieh/v8.4/certicom/include sbnr.h
103.05.15 15:45 A C:\flexlm84\v84a\certicom\include\sbrc.h --> wheel.globes.com /t/willieh/v8.4/certicom/include sbrc.h
103.05.15 15:45 A C:\flexlm84\v84a\certicom\include\sbrng.h --> wheel.globes.com /t/willieh/v8.4/certicom/include sbrng.h
103.05.15 15:45 A C:\flexlm84\v84a\certicom\include\sbsha.h --> wheel.globes.com /t/willieh/v8.4/certicom/include sbsha.h
103.05.15 15:45 A C:\flexlm84\v84a\certicom\include\sbshad.h --> wheel.globes.com /t/willieh/v8.4/certicom/include sbshad.h
103.05.15 15:45 A C:\flexlm84\v84a\certicom\include\sbwrap.h --> wheel.globes.com /t/willieh/v8.4/certicom/include sbwrap.h
